<?xml version="1.0" encoding="UTF-8"?>
<testng-results ignored="0" total="1" passed="1" failed="0" skipped="0">
  <reporter-output>
  </reporter-output>
  <suite started-at="2023-08-30T17:05:02 IST" name="Default suite" finished-at="2023-08-30T17:05:19 IST" duration-ms="17125">
    <groups>
    </groups>
    <test started-at="2023-08-30T17:05:02 IST" name="Default test" finished-at="2023-08-30T17:05:19 IST" duration-ms="17125">
      <class name="Voting.extent">
        <test-method is-config="true" signature="setUp()[pri:0, instance:Voting.extent@2af004b]" started-at="2023-08-30T17:05:02 IST" name="setUp" finished-at="2023-08-30T17:05:09 IST" duration-ms="6479" status="PASS">
          <reporter-output>
          </reporter-output>
        </test-method> <!-- setUp -->
        <test-method signature="myTestCase()[pri:0, instance:Voting.extent@2af004b]" started-at="2023-08-30T17:05:09 IST" name="myTestCase" finished-at="2023-08-30T17:05:19 IST" duration-ms="9792" status="PASS">
          <reporter-output>
          </reporter-output>
        </test-method> <!-- myTestCase -->
        <test-method is-config="true" signature="tearDown()[pri:0, instance:Voting.extent@2af004b]" started-at="2023-08-30T17:05:19 IST" name="tearDown" finished-at="2023-08-30T17:05:19 IST" duration-ms="795" status="PASS">
          <reporter-output>
          </reporter-output>
        </test-method> <!-- tearDown -->
      </class> <!-- Voting.extent -->
    </test> <!-- Default test -->
  </suite> <!-- Default suite -->
</testng-results>
